<?xml version="1.0" encoding="UTF-8"?>
<!-- Generated by org.testng.reporters.JUnitXMLReporter -->
<testsuite ignored="4" hostname="Ideas2IT" failures="0" tests="4" name="Test" time="135.119" errors="0" timestamp="2024-12-02T17:18:04 IST">
  <testcase classname="tests.selenium.TC001_CreateIncident" name="createIncident" time="38.25"/>
  <testcase classname="tests.selenium.TC003_CreateIncidentUsingRestAndVerifyUsingSelenium" name="createIncident" time="28.713"/>
  <testcase classname="tests.selenium.TC002_CreateIncidentAndGetFromRest" name="createIncident" time="42.234"/>
  <testcase classname="tests.rest.TC004_GetIncidents" name="getIncidents" time="4.977"/>
  <testcase classname="lib.selenium.PreAndPost" name="@AfterSuite afterSuite" time="0.0">
    <ignored/>
  </testcase> <!-- @AfterSuite afterSuite -->
  <testcase classname="lib.selenium.PreAndPost" name="@AfterSuite afterSuite" time="0.0">
    <ignored/>
  </testcase> <!-- @AfterSuite afterSuite -->
  <testcase classname="lib.selenium.PreAndPost" name="@BeforeSuite beforeSuite" time="0.0">
    <ignored/>
  </testcase> <!-- @BeforeSuite beforeSuite -->
  <testcase classname="lib.selenium.PreAndPost" name="@BeforeSuite beforeSuite" time="0.0">
    <ignored/>
  </testcase> <!-- @BeforeSuite beforeSuite -->
</testsuite> <!-- Test -->
