<?xml version="1.0" encoding="UTF-8"?>
<testng-results ignored="4" total="8" passed="4" failed="0" skipped="0">
  <reporter-output>
  </reporter-output>
  <suite started-at="2024-12-02T17:15:49 IST" name="Suite" finished-at="2024-12-02T17:18:04 IST" duration-ms="135119">
    <groups>
    </groups>
    <test started-at="2024-12-02T17:15:49 IST" name="Test" finished-at="2024-12-02T17:18:04 IST" duration-ms="135119">
      <class name="tests.selenium.TC003_CreateIncidentUsingRestAndVerifyUsingSelenium">
        <test-method is-config="true" signature="setValues()[pri:0, instance:tests.selenium.TC003_CreateIncidentUsingRestAndVerifyUsingSelenium@6bbe85a8]" started-at="2024-12-02T17:15:49 IST" name="setValues" finished-at="2024-12-02T17:15:49 IST" duration-ms="0" status="PASS">
          <reporter-output>
          </reporter-output>
        </test-method> <!-- setValues -->
        <test-method is-config="true" signature="beforeClass()[pri:0, instance:tests.selenium.TC003_CreateIncidentUsingRestAndVerifyUsingSelenium@6bbe85a8]" started-at="2024-12-02T17:16:36 IST" name="beforeClass" finished-at="2024-12-02T17:16:36 IST" duration-ms="3" status="PASS">
          <reporter-output>
          </reporter-output>
        </test-method> <!-- beforeClass -->
        <test-method is-config="true" signature="beforeMethod(java.lang.String, java.lang.String)[pri:0, instance:tests.selenium.TC003_CreateIncidentUsingRestAndVerifyUsingSelenium@6bbe85a8]" started-at="2024-12-02T17:16:36 IST" name="beforeMethod" finished-at="2024-12-02T17:16:42 IST" duration-ms="6192" status="PASS">
          <params>
            <param index="0">
              <value>
                <![CDATA[chrome]]>
              </value>
            </param>
            <param index="1">
              <value>
                <![CDATA[dev]]>
              </value>
            </param>
          </params>
          <reporter-output>
          </reporter-output>
        </test-method> <!-- beforeMethod -->
        <test-method signature="createIncident()[pri:0, instance:tests.selenium.TC003_CreateIncidentUsingRestAndVerifyUsingSelenium@6bbe85a8]" started-at="2024-12-02T17:16:42 IST" name="createIncident" finished-at="2024-12-02T17:17:11 IST" duration-ms="28713" status="PASS">
          <reporter-output>
          </reporter-output>
        </test-method> <!-- createIncident -->
        <test-method is-config="true" signature="afterMethod()[pri:0, instance:tests.selenium.TC003_CreateIncidentUsingRestAndVerifyUsingSelenium@6bbe85a8]" started-at="2024-12-02T17:17:11 IST" name="afterMethod" finished-at="2024-12-02T17:17:11 IST" duration-ms="184" status="PASS">
          <reporter-output>
          </reporter-output>
        </test-method> <!-- afterMethod -->
      </class> <!-- tests.selenium.TC003_CreateIncidentUsingRestAndVerifyUsingSelenium -->
      <class name="tests.selenium.TC001_CreateIncident">
        <test-method is-config="true" signature="beforeSuite()[pri:0, instance:tests.selenium.TC001_CreateIncident@53045c6c]" started-at="2024-12-02T17:15:49 IST" name="beforeSuite" finished-at="2024-12-02T17:15:49 IST" duration-ms="156" status="PASS">
          <reporter-output>
          </reporter-output>
        </test-method> <!-- beforeSuite -->
        <test-method is-config="true" signature="setValues()[pri:0, instance:tests.selenium.TC001_CreateIncident@53045c6c]" started-at="2024-12-02T17:15:49 IST" name="setValues" finished-at="2024-12-02T17:15:49 IST" duration-ms="0" status="PASS">
          <reporter-output>
          </reporter-output>
        </test-method> <!-- setValues -->
        <test-method is-config="true" signature="beforeClass()[pri:0, instance:tests.selenium.TC001_CreateIncident@53045c6c]" started-at="2024-12-02T17:15:49 IST" name="beforeClass" finished-at="2024-12-02T17:15:49 IST" duration-ms="5" status="PASS">
          <reporter-output>
          </reporter-output>
        </test-method> <!-- beforeClass -->
        <test-method is-config="true" signature="beforeMethod(java.lang.String, java.lang.String)[pri:0, instance:tests.selenium.TC001_CreateIncident@53045c6c]" started-at="2024-12-02T17:15:49 IST" name="beforeMethod" finished-at="2024-12-02T17:15:57 IST" duration-ms="7952" status="PASS">
          <params>
            <param index="0">
              <value>
                <![CDATA[chrome]]>
              </value>
            </param>
            <param index="1">
              <value>
                <![CDATA[dev]]>
              </value>
            </param>
          </params>
          <reporter-output>
          </reporter-output>
        </test-method> <!-- beforeMethod -->
        <test-method signature="createIncident(java.lang.String, java.lang.String, java.lang.String)[pri:0, instance:tests.selenium.TC001_CreateIncident@53045c6c]" started-at="2024-12-02T17:15:57 IST" name="createIncident" data-provider="fetchData" finished-at="2024-12-02T17:16:36 IST" duration-ms="38250" status="PASS">
          <params>
            <param index="0">
              <value>
                <![CDATA[incident]]>
              </value>
            </param>
            <param index="1">
              <value>
                <![CDATA[Abel]]>
              </value>
            </param>
            <param index="2">
              <value>
                <![CDATA[This is automated test from Makaia]]>
              </value>
            </param>
          </params>
          <reporter-output>
          </reporter-output>
        </test-method> <!-- createIncident -->
        <test-method is-config="true" signature="afterMethod()[pri:0, instance:tests.selenium.TC001_CreateIncident@53045c6c]" started-at="2024-12-02T17:16:36 IST" name="afterMethod" finished-at="2024-12-02T17:16:36 IST" duration-ms="188" status="PASS">
          <reporter-output>
          </reporter-output>
        </test-method> <!-- afterMethod -->
        <test-method is-config="true" signature="afterSuite()[pri:0, instance:tests.selenium.TC001_CreateIncident@53045c6c]" started-at="2024-12-02T17:18:04 IST" name="afterSuite" finished-at="2024-12-02T17:18:04 IST" duration-ms="212" status="PASS">
          <reporter-output>
          </reporter-output>
        </test-method> <!-- afterSuite -->
      </class> <!-- tests.selenium.TC001_CreateIncident -->
      <class name="tests.rest.TC004_GetIncidents">
        <test-method is-config="true" signature="beforeSuite()[pri:0, instance:tests.rest.TC004_GetIncidents@5149d738]" started-at="2024-12-02T17:15:49 IST" name="beforeSuite" finished-at="2024-12-02T17:15:49 IST" duration-ms="2" status="PASS">
          <reporter-output>
          </reporter-output>
        </test-method> <!-- beforeSuite -->
        <test-method is-config="true" signature="beforeTest()[pri:0, instance:tests.rest.TC004_GetIncidents@5149d738]" started-at="2024-12-02T17:15:49 IST" name="beforeTest" finished-at="2024-12-02T17:15:49 IST" duration-ms="0" status="PASS">
          <reporter-output>
          </reporter-output>
        </test-method> <!-- beforeTest -->
        <test-method is-config="true" signature="setValues()[pri:0, instance:tests.rest.TC004_GetIncidents@5149d738]" started-at="2024-12-02T17:15:49 IST" name="setValues" finished-at="2024-12-02T17:15:49 IST" depends-on-methods="lib.rest.PreAndTest.beforeTest" duration-ms="1" status="PASS">
          <reporter-output>
          </reporter-output>
        </test-method> <!-- setValues -->
        <test-method is-config="true" signature="beforeClass()[pri:0, instance:tests.rest.TC004_GetIncidents@5149d738]" started-at="2024-12-02T17:17:59 IST" name="beforeClass" finished-at="2024-12-02T17:17:59 IST" duration-ms="1" status="PASS">
          <reporter-output>
          </reporter-output>
        </test-method> <!-- beforeClass -->
        <test-method is-config="true" signature="beforeMethod(java.lang.String)[pri:0, instance:tests.rest.TC004_GetIncidents@5149d738]" started-at="2024-12-02T17:17:59 IST" name="beforeMethod" finished-at="2024-12-02T17:17:59 IST" duration-ms="1" status="PASS">
          <params>
            <param index="0">
              <value>
                <![CDATA[dev]]>
              </value>
            </param>
          </params>
          <reporter-output>
          </reporter-output>
        </test-method> <!-- beforeMethod -->
        <test-method signature="getIncidents()[pri:0, instance:tests.rest.TC004_GetIncidents@5149d738]" started-at="2024-12-02T17:17:59 IST" name="getIncidents" finished-at="2024-12-02T17:18:04 IST" duration-ms="4977" status="PASS">
          <reporter-output>
          </reporter-output>
        </test-method> <!-- getIncidents -->
        <test-method is-config="true" signature="afterMethod()[pri:0, instance:tests.rest.TC004_GetIncidents@5149d738]" started-at="2024-12-02T17:18:04 IST" name="afterMethod" finished-at="2024-12-02T17:18:04 IST" duration-ms="0" status="PASS">
          <reporter-output>
          </reporter-output>
        </test-method> <!-- afterMethod -->
        <test-method is-config="true" signature="afterTest()[pri:0, instance:tests.rest.TC004_GetIncidents@5149d738]" started-at="2024-12-02T17:18:04 IST" name="afterTest" finished-at="2024-12-02T17:18:04 IST" duration-ms="0" status="PASS">
          <reporter-output>
          </reporter-output>
        </test-method> <!-- afterTest -->
        <test-method is-config="true" signature="afterClass()[pri:0, instance:tests.rest.TC004_GetIncidents@5149d738]" started-at="2024-12-02T17:18:04 IST" name="afterClass" finished-at="2024-12-02T17:18:04 IST" duration-ms="0" status="PASS">
          <reporter-output>
          </reporter-output>
        </test-method> <!-- afterClass -->
        <test-method is-config="true" signature="afterSuite()[pri:0, instance:tests.rest.TC004_GetIncidents@5149d738]" started-at="2024-12-02T17:18:04 IST" name="afterSuite" finished-at="2024-12-02T17:18:04 IST" duration-ms="41" status="PASS">
          <reporter-output>
          </reporter-output>
        </test-method> <!-- afterSuite -->
      </class> <!-- tests.rest.TC004_GetIncidents -->
      <class name="tests.selenium.TC002_CreateIncidentAndGetFromRest">
        <test-method is-config="true" signature="setValues()[pri:0, instance:tests.selenium.TC002_CreateIncidentAndGetFromRest@3a7442c7]" started-at="2024-12-02T17:15:49 IST" name="setValues" finished-at="2024-12-02T17:15:49 IST" duration-ms="0" status="PASS">
          <reporter-output>
          </reporter-output>
        </test-method> <!-- setValues -->
        <test-method is-config="true" signature="beforeClass()[pri:0, instance:tests.selenium.TC002_CreateIncidentAndGetFromRest@3a7442c7]" started-at="2024-12-02T17:17:11 IST" name="beforeClass" finished-at="2024-12-02T17:17:11 IST" duration-ms="1" status="PASS">
          <reporter-output>
          </reporter-output>
        </test-method> <!-- beforeClass -->
        <test-method is-config="true" signature="beforeMethod(java.lang.String, java.lang.String)[pri:0, instance:tests.selenium.TC002_CreateIncidentAndGetFromRest@3a7442c7]" started-at="2024-12-02T17:17:11 IST" name="beforeMethod" finished-at="2024-12-02T17:17:17 IST" duration-ms="5827" status="PASS">
          <params>
            <param index="0">
              <value>
                <![CDATA[chrome]]>
              </value>
            </param>
            <param index="1">
              <value>
                <![CDATA[dev]]>
              </value>
            </param>
          </params>
          <reporter-output>
          </reporter-output>
        </test-method> <!-- beforeMethod -->
        <test-method signature="createIncident(java.lang.String, java.lang.String, java.lang.String)[pri:0, instance:tests.selenium.TC002_CreateIncidentAndGetFromRest@3a7442c7]" started-at="2024-12-02T17:17:17 IST" name="createIncident" data-provider="fetchData" finished-at="2024-12-02T17:17:59 IST" duration-ms="42234" status="PASS">
          <params>
            <param index="0">
              <value>
                <![CDATA[incident]]>
              </value>
            </param>
            <param index="1">
              <value>
                <![CDATA[Abel]]>
              </value>
            </param>
            <param index="2">
              <value>
                <![CDATA[This is automated test from Makaia]]>
              </value>
            </param>
          </params>
          <reporter-output>
          </reporter-output>
        </test-method> <!-- createIncident -->
        <test-method is-config="true" signature="afterMethod()[pri:0, instance:tests.selenium.TC002_CreateIncidentAndGetFromRest@3a7442c7]" started-at="2024-12-02T17:17:59 IST" name="afterMethod" finished-at="2024-12-02T17:17:59 IST" duration-ms="188" status="PASS">
          <reporter-output>
          </reporter-output>
        </test-method> <!-- afterMethod -->
      </class> <!-- tests.selenium.TC002_CreateIncidentAndGetFromRest -->
    </test> <!-- Test -->
  </suite> <!-- Suite -->
</testng-results>
